2025-03-29 03:33:05,825 - INFO - Khởi động trò chơi mới
2025-03-29 03:33:05,825 - INFO - Chế độ chơi: human_vs_ai
2025-03-29 03:33:05,825 - INFO - Epoch: 1
2025-03-29 03:33:07,376 - INFO - Turn changed to: black
2025-03-29 03:33:07,376 - INFO - AI's turn
2025-03-29 03:33:11,812 - INFO - Turn changed to: black
2025-03-29 03:33:11,812 - INFO - AI's turn
2025-03-29 03:33:12,797 - INFO - Turn changed to: black
2025-03-29 03:33:12,797 - INFO - AI's turn
2025-03-29 03:33:14,374 - INFO - Turn changed to: black
2025-03-29 03:33:14,376 - INFO - AI's turn
2025-03-29 03:33:15,769 - INFO - Turn changed to: black
2025-03-29 03:33:15,769 - INFO - AI's turn
2025-03-29 03:33:16,709 - INFO - Turn changed to: black
2025-03-29 03:33:16,709 - INFO - AI's turn
2025-03-29 03:33:20,039 - INFO - Turn changed to: black
2025-03-29 03:33:20,039 - INFO - AI's turn
2025-03-29 03:33:22,929 - INFO - Turn changed to: black
2025-03-29 03:33:22,930 - INFO - AI's turn
2025-03-29 03:33:24,594 - INFO - Turn changed to: black
2025-03-29 03:33:24,595 - INFO - AI's turn
2025-03-29 03:33:26,889 - INFO - Turn changed to: black
2025-03-29 03:33:26,889 - INFO - AI's turn
2025-03-29 03:33:28,348 - INFO - Turn changed to: black
2025-03-29 03:33:28,349 - INFO - AI's turn
2025-03-29 03:33:29,699 - INFO - Turn changed to: black
2025-03-29 03:33:29,699 - INFO - AI's turn
2025-03-29 03:33:30,791 - INFO - Turn changed to: black
2025-03-29 03:33:30,791 - INFO - AI's turn
2025-03-29 03:33:32,007 - INFO - Turn changed to: black
2025-03-29 03:33:32,007 - INFO - AI's turn
2025-03-29 03:33:32,850 - INFO - Turn changed to: black
2025-03-29 03:33:32,850 - INFO - AI's turn
2025-03-29 03:33:36,556 - INFO - Turn changed to: black
2025-03-29 03:33:36,556 - INFO - AI's turn
2025-03-29 03:33:37,832 - INFO - Turn changed to: black
2025-03-29 03:33:37,832 - INFO - AI's turn
2025-03-29 03:33:39,611 - INFO - Turn changed to: black
2025-03-29 03:33:39,612 - INFO - AI's turn
2025-03-29 03:33:40,760 - INFO - Turn changed to: black
2025-03-29 03:33:40,760 - INFO - AI's turn
2025-03-29 03:33:42,495 - INFO - Turn changed to: black
2025-03-29 03:33:42,495 - INFO - AI's turn
2025-03-29 03:33:43,478 - INFO - Turn changed to: black
2025-03-29 03:33:43,478 - INFO - AI's turn
